0 info it worked if it ends with ok
1 verbose cli [ '/Users/eherman/.nvm/versions/node/v7.4.0/bin/node',
1 verbose cli   '/Users/eherman/.nvm/versions/node/v7.4.0/bin/npm',
1 verbose cli   'version',
1 verbose cli   'minor' ]
2 info using npm@4.0.5
3 info using node@v7.4.0
4 info git [ 'status', '--porcelain' ]
5 info lifecycle stout@1.1.0~preversion: stout@1.1.0
6 silly lifecycle stout@1.1.0~preversion: no script for preversion, continuing
7 verbose version.write data { name: 'stout',
7 verbose version.write   title: 'Stout',
7 verbose version.write   description: 'Stout is a Primer child theme with a masculine vibe.',
7 verbose version.write   version: '1.1.0',
7 verbose version.write   author: 'GoDaddy',
7 verbose version.write   license: 'GPL-2.0',
7 verbose version.write   repository: 'godaddy/wp-stout-theme',
7 verbose version.write   homepage: 'https://github.com/godaddy/wp-stout-theme',
7 verbose version.write   bugs: { url: 'https://github.com/godaddy/wp-stout-theme/issues' },
7 verbose version.write   engines: { php: '>= 5.2', wordpress: '>= 4.4' },
7 verbose version.write   badges:
7 verbose version.write    [ '[![Build Status](https://travis-ci.org/<%= pkg.repository %>.svg?branch=master)](https://travis-ci.org/<%= pkg.repository %>)',
7 verbose version.write      '[![StyleCI Status](https://styleci.io/repos/61812792/shield?branch=master&style=flat)](https://styleci.io/repos/61812792)',
7 verbose version.write      '[![devDependencies Status](https://david-dm.org/<%= pkg.repository %>/master/dev-status.svg)](https://david-dm.org/<%= pkg.repository %>/master?type=dev)',
7 verbose version.write      '[![License](https://img.shields.io/badge/license-GPL--2.0-brightgreen.svg)](https://github.com/<%= pkg.repository %>/blob/master/license.txt)',
7 verbose version.write      '[![PHP <%= pkg.engines.php %>](https://img.shields.io/badge/php-<% print(encodeURI(pkg.engines.php)) %>-8892bf.svg)](https://secure.php.net/supported-versions.php)',
7 verbose version.write      '[![WordPress <%= pkg.engines.wordpress %>](https://img.shields.io/badge/wordpress-<% print(encodeURI(pkg.engines.wordpress)) %>-blue.svg)](https://wordpress.org/download/release-archive/)' ],
7 verbose version.write   locales:
7 verbose version.write    { da_DK: 'Dansk',
7 verbose version.write      de_DE: 'Deutsch',
7 verbose version.write      el: 'Ελληνικά',
7 verbose version.write      es_ES: 'Español',
7 verbose version.write      es_MX: 'Español de México',
7 verbose version.write      fi: 'Suomi',
7 verbose version.write      fr_FR: 'Français',
7 verbose version.write      hi_IN: 'हिन्दी',
7 verbose version.write      id_ID: 'Bahasa Indonesia',
7 verbose version.write      it_IT: 'Italiano',
7 verbose version.write      ja: '日本語',
7 verbose version.write      ko_KR: '한국어',
7 verbose version.write      mr: 'मराठी',
7 verbose version.write      ms_MY: 'Bahasa Melayu',
7 verbose version.write      nb_NO: 'Norsk bokmål',
7 verbose version.write      nl_NL: 'Nederlands',
7 verbose version.write      pl_PL: 'Polski',
7 verbose version.write      pt_BR: 'Português do Brasil',
7 verbose version.write      pt_PT: 'Português',
7 verbose version.write      ru_RU: 'Русский',
7 verbose version.write      sv_SE: 'Svenska',
7 verbose version.write      th: 'ไทย',
7 verbose version.write      tl: 'Tagalog',
7 verbose version.write      tr_TR: 'Türkçe',
7 verbose version.write      uk: 'Українська',
7 verbose version.write      vi: 'Tiếng Việt',
7 verbose version.write      zh_CN: '简体中文',
7 verbose version.write      zh_TW: '繁體中文' },
7 verbose version.write   devDependencies:
7 verbose version.write    { grunt: '^1.0.1',
7 verbose version.write      'grunt-autoprefixer': '^3.0.4',
7 verbose version.write      'grunt-contrib-clean': '^1.0.0',
7 verbose version.write      'grunt-contrib-copy': '^1.0.0',
7 verbose version.write      'grunt-contrib-cssmin': '^2.0.0',
7 verbose version.write      'grunt-contrib-imagemin': '^1.0.1',
7 verbose version.write      'grunt-contrib-jshint': '^1.1.0',
7 verbose version.write      'grunt-contrib-uglify': '^2.1.0',
7 verbose version.write      'grunt-contrib-watch': '^1.0.0',
7 verbose version.write      'grunt-cssjanus': '^0.3.2',
7 verbose version.write      'grunt-dev-update': '^2.0.0',
7 verbose version.write      'grunt-sass': '^2.0.0',
7 verbose version.write      'grunt-text-replace': '^0.4.0',
7 verbose version.write      'grunt-wp-readme-to-markdown': '^2.0.1',
7 verbose version.write      'load-grunt-tasks': '^3.5.0',
7 verbose version.write      matchdep: '^1.0.1',
7 verbose version.write      susy: '^2.2.12' },
7 verbose version.write   scripts:
7 verbose version.write    { version: 'grunt version && git add -A .',
7 verbose version.write      postversion: 'git push && git push --tags' } } to package.json
8 info lifecycle stout@1.1.0~version: stout@1.1.0
9 verbose lifecycle stout@1.1.0~version: unsafe-perm in lifecycle true
10 verbose lifecycle stout@1.1.0~version: PATH: /Users/eherman/.nvm/versions/node/v7.4.0/lib/node_modules/npm/bin/node-gyp-bin:/Users/eherman/Desktop/Sites/wp/wp-content/themes/stout/node_modules/.bin:/Users/eherman/.nvm/versions/node/v7.4.0/bin:/usr/local/bin:/usr/bin:/bin:/usr/sbin:/sbin:/user/:/Users/eherman/wpcs/vendor/bin/
11 verbose lifecycle stout@1.1.0~version: CWD: /Users/eherman/Desktop/Sites/wp/wp-content/themes/stout
12 silly lifecycle stout@1.1.0~version: Args: [ '-c', 'grunt version && git add -A .' ]
13 silly lifecycle stout@1.1.0~version: Returned: code: 0  signal: null
14 info git [ 'add',
14 info git   '/Users/eherman/Desktop/Sites/wp/wp-content/themes/stout/package.json' ]
15 info git [ 'commit', '-m', '1.1.0' ]
16 info git [ 'tag', 'v1.1.0', '-am', '1.1.0' ]
17 verbose stack Error: Command failed: git tag v1.1.0 -am 1.1.0
17 verbose stack fatal: tag 'v1.1.0' already exists
17 verbose stack
17 verbose stack     at ChildProcess.exithandler (child_process.js:211:12)
17 verbose stack     at emitTwo (events.js:106:13)
17 verbose stack     at ChildProcess.emit (events.js:191:7)
17 verbose stack     at maybeClose (internal/child_process.js:885:16)
17 verbose stack     at Socket.<anonymous> (internal/child_process.js:334:11)
17 verbose stack     at emitOne (events.js:96:13)
17 verbose stack     at Socket.emit (events.js:188:7)
17 verbose stack     at Pipe._handle.close [as _onclose] (net.js:501:12)
18 verbose cwd /Users/eherman/Desktop/Sites/wp/wp-content/themes/stout
19 error Darwin 15.6.0
20 error argv "/Users/eherman/.nvm/versions/node/v7.4.0/bin/node" "/Users/eherman/.nvm/versions/node/v7.4.0/bin/npm" "version" "minor"
21 error node v7.4.0
22 error npm  v4.0.5
23 error code 128
24 error Command failed: git tag v1.1.0 -am 1.1.0
24 error fatal: tag 'v1.1.0' already exists
25 error If you need help, you may report this error at:
25 error     <https://github.com/npm/npm/issues>
26 verbose exit [ 1, true ]
